<?xml version="1.0" encoding="UTF-8"?>
<!-- Generated by org.testng.reporters.JUnitXMLReporter -->
<testsuite ignored="0" hostname="TYSS-Zeelkumari" failures="0" tests="2" name="Free CRM App Test Cases" time="27.695" errors="0" timestamp="2022-07-25T12:16:07 IST">
  <testcase classname="com.crm.qa.testcases.LoginPageTest" name="crmLogoImageTest" time="0.151"/>
  <testcase classname="com.crm.qa.testcases.LoginPageTest" name="loginTest" time="7.498"/>
</testsuite> <!-- Free CRM App Test Cases -->
